#
# There is insufficient memory for the Java Runtime Environment to continue.
# Native memory allocation (malloc) failed to allocate 1048576 bytes for AllocateHeap
# Possible reasons:
#   The system is out of physical RAM or swap space
#   The process is running with CompressedOops enabled, and the Java Heap may be blocking the growth of the native heap
# Possible solutions:
#   Reduce memory load on the system
#   Increase physical memory or swap space
#   Check if swap backing store is full
#   Decrease Java heap size (-Xmx/-Xms)
#   Decrease number of Java threads
#   Decrease Java thread stack sizes (-Xss)
#   Set larger code cache with -XX:ReservedCodeCacheSize=
#   JVM is running with Unscaled Compressed Oops mode in which the Java heap is
#     placed in the first 4GB address space. The Java Heap base address is the
#     maximum limit for the native heap growth. Please use -XX:HeapBaseMinAddress
#     to set the Java Heap base and to place the Java Heap above 4GB virtual address.
# This output file may be truncated or incomplete.
#
#  Out of Memory Error (allocation.cpp:44), pid=17864, tid=3692
#
# JRE version:  (17.0.5+9) (build )
# Java VM: Java HotSpot(TM) 64-Bit Server VM (17.0.5+9-LTS-191, mixed mode, sharing, tiered, compressed oops, compressed class ptrs, g1 gc, windows-amd64)
# No core dump will be written. Minidumps are not enabled by default on client versions of Windows
#

---------------  S U M M A R Y ------------

Command Line: -Xmx64m -Xms64m -Dorg.gradle.appname=gradlew org.gradle.wrapper.GradleWrapperMain app:installDebug -PreactNativeDevServerPort=8081

Host: AMD Ryzen 5 5600G with Radeon Graphics         , 12 cores, 7G,  Windows 11 , 64 bit Build 22621 (10.0.22621.3527)
Time: Wed Jun 19 19:15:47 2024 India Standard Time elapsed time: 0.025699 seconds (0d 0h 0m 0s)

---------------  T H R E A D  ---------------

Current thread (0x000002832b9f11d0):  JavaThread "Unknown thread" [_thread_in_vm, id=3692, stack(0x00000091e2500000,0x00000091e2600000)]

Stack: [0x00000091e2500000,0x00000091e2600000]
Native frames: (J=compiled Java code, j=interpreted, Vv=VM code, C=native code)
V  [jvm.dll+0x672eea]
V  [jvm.dll+0x7d2a04]
V  [jvm.dll+0x7d41ae]
V  [jvm.dll+0x7d4813]
V  [jvm.dll+0x242c15]
V  [jvm.dll+0xa4b93]
V  [jvm.dll+0x2e1127]
V  [jvm.dll+0x2d8feb]
V  [jvm.dll+0x7a44e1]
V  [jvm.dll+0x365df1]
V  [jvm.dll+0x7838fc]
V  [jvm.dll+0x3e873f]
V  [jvm.dll+0x3ea1e1]
C  [jli.dll+0x527b]
C  [ucrtbase.dll+0x29333]
C  [KERNEL32.DLL+0x1257d]
C  [ntdll.dll+0x5aa48]


---------------  P R O C E S S  ---------------

Threads class SMR info:
_java_thread_list=0x00007ff9558da8d8, length=0, elements={
}

Java Threads: ( => current thread )

Other Threads:
  0x000002832ba14790 GCTaskThread "GC Thread#0" [stack: 0x00000091e2600000,0x00000091e2700000] [id=20576]

[error occurred during error reporting (printing all threads), id 0xc0000005, EXCEPTION_ACCESS_VIOLATION (0xc0000005) at pc=0x00007ff955126070]

VM state: not at safepoint (not fully initialized)

VM Mutex/Monitor currently owned by a thread:  ([mutex/lock_event])
[0x000002832b9ee2a0] Heap_lock - owner thread: 0x000002832b9f11d0

Heap address: 0x00000000fc000000, size: 64 MB, Compressed Oops mode: 32-bit

CDS archive(s) mapped at: [0x0000000000000000-0x0000000000000000-0x0000000000000000), size 0, SharedBaseAddress: 0x0000000800000000, ArchiveRelocationMode: 0.
Narrow klass base: 0x0000000000000000, Narrow klass shift: 0, Narrow klass range: 0x0

GC Precious Log:
<Empty>

Heap:
 garbage-first heap   total 0K, used 0K [0x00000000fc000000, 0x0000000100000000)
  region size 1024K, 0 young (0K), 0 survivors (0K)

[error occurred during error reporting (printing heap information), id 0xc0000005, EXCEPTION_ACCESS_VIOLATION (0xc0000005) at pc=0x00007ff95550c399]

GC Heap History (0 events):
No events

Deoptimization events (0 events):
No events

Classes unloaded (0 events):
No events

Classes redefined (0 events):
No events

Internal exceptions (0 events):
No events

VM Operations (0 events):
No events

Events (1 events):
Event: 0.015 Loaded shared library C:\Program Files\java\jdk-17.0.5\bin\java.dll


Dynamic libraries:
0x00007ff741c80000 - 0x00007ff741c90000 	C:\Program Files\java\jdk-17.0.5\bin\java.exe
0x00007ff9ebbd0000 - 0x00007ff9ebde7000 	C:\Windows\SYSTEM32\ntdll.dll
0x00007ff9eaf50000 - 0x00007ff9eb014000 	C:\Windows\System32\KERNEL32.DLL
0x00007ff9e90f0000 - 0x00007ff9e9497000 	C:\Windows\System32\KERNELBASE.dll
0x00007ff9e9770000 - 0x00007ff9e9881000 	C:\Windows\System32\ucrtbase.dll
0x00007ff9c4390000 - 0x00007ff9c43a8000 	C:\Program Files\java\jdk-17.0.5\bin\jli.dll
0x00007ff9bf820000 - 0x00007ff9bf83a000 	C:\Program Files\java\jdk-17.0.5\bin\VCRUNTIME140.dll
0x00007ff9eb1c0000 - 0x00007ff9eb272000 	C:\Windows\System32\ADVAPI32.dll
0x00007ff9eb070000 - 0x00007ff9eb117000 	C:\Windows\System32\msvcrt.dll
0x00007ff9ea270000 - 0x00007ff9ea318000 	C:\Windows\System32\sechost.dll
0x00007ff9e8ef0000 - 0x00007ff9e8f18000 	C:\Windows\System32\bcrypt.dll
0x00007ff9eba60000 - 0x00007ff9ebb75000 	C:\Windows\System32\RPCRT4.dll
0x00007ff9eada0000 - 0x00007ff9eaf4e000 	C:\Windows\System32\USER32.dll
0x00007ff9e9040000 - 0x00007ff9e9066000 	C:\Windows\System32\win32u.dll
0x00007ff9db040000 - 0x00007ff9db2d3000 	C:\Windows\WinSxS\amd64_microsoft.windows.common-controls_6595b64144ccf1df_6.0.22621.3527_none_270e469b73872a76\COMCTL32.dll
0x00007ff9ea230000 - 0x00007ff9ea259000 	C:\Windows\System32\GDI32.dll
0x00007ff9e8f20000 - 0x00007ff9e9039000 	C:\Windows\System32\gdi32full.dll
0x00007ff9e94a0000 - 0x00007ff9e953a000 	C:\Windows\System32\msvcp_win.dll
0x00007ff9e2830000 - 0x00007ff9e283a000 	C:\Windows\SYSTEM32\VERSION.dll
0x00007ff9eb370000 - 0x00007ff9eb3a1000 	C:\Windows\System32\IMM32.DLL
0x00007ff9e60b0000 - 0x00007ff9e60bc000 	C:\Program Files\java\jdk-17.0.5\bin\vcruntime140_1.dll
0x00007ff96f7a0000 - 0x00007ff96f82d000 	C:\Program Files\java\jdk-17.0.5\bin\msvcp140.dll
0x00007ff954e40000 - 0x00007ff955a02000 	C:\Program Files\java\jdk-17.0.5\bin\server\jvm.dll
0x00007ff9eb1b0000 - 0x00007ff9eb1b8000 	C:\Windows\System32\PSAPI.DLL
0x00007ff9e05b0000 - 0x00007ff9e05e4000 	C:\Windows\SYSTEM32\WINMM.dll
0x00007ff9c9900000 - 0x00007ff9c9909000 	C:\Windows\SYSTEM32\WSOCK32.dll
0x00007ff9eb280000 - 0x00007ff9eb2f1000 	C:\Windows\System32\ws2_32.DLL
0x00007ff9e7f10000 - 0x00007ff9e7f28000 	C:\Windows\SYSTEM32\kernel.appcore.dll
0x00007ff9c4380000 - 0x00007ff9c438a000 	C:\Program Files\java\jdk-17.0.5\bin\jimage.dll
0x00007ff9e11f0000 - 0x00007ff9e1422000 	C:\Windows\SYSTEM32\DBGHELP.DLL
0x00007ff9eb6d0000 - 0x00007ff9eba58000 	C:\Windows\System32\combase.dll
0x00007ff9eb3b0000 - 0x00007ff9eb487000 	C:\Windows\System32\OLEAUT32.dll
0x00007ff9ce0b0000 - 0x00007ff9ce0e2000 	C:\Windows\SYSTEM32\dbgcore.DLL
0x00007ff9e9070000 - 0x00007ff9e90e9000 	C:\Windows\System32\bcryptPrimitives.dll
0x00007ff9bebb0000 - 0x00007ff9bebd5000 	C:\Program Files\java\jdk-17.0.5\bin\java.dll

dbghelp: loaded successfully - version: 4.0.5 - missing functions: none
symbol engine: initialized successfully - sym options: 0x614 - pdb path: .;C:\Program Files\java\jdk-17.0.5\bin;C:\Windows\SYSTEM32;C:\Windows\WinSxS\amd64_microsoft.windows.common-controls_6595b64144ccf1df_6.0.22621.3527_none_270e469b73872a76;C:\Program Files\java\jdk-17.0.5\bin\server

VM Arguments:
jvm_args: -Xmx64m -Xms64m -Dorg.gradle.appname=gradlew 
java_command: org.gradle.wrapper.GradleWrapperMain app:installDebug -PreactNativeDevServerPort=8081
java_class_path (initial): C:\Users\Mahesh patra\Desktop\CalculatorApp\android\\gradle\wrapper\gradle-wrapper.jar
Launcher Type: SUN_STANDARD

[Global flags]
     intx CICompilerCount                          = 4                                         {product} {ergonomic}
     uint ConcGCThreads                            = 3                                         {product} {ergonomic}
     uint G1ConcRefinementThreads                  = 10                                        {product} {ergonomic}
   size_t G1HeapRegionSize                         = 1048576                                   {product} {ergonomic}
    uintx GCDrainStackTargetSize                   = 64                                        {product} {ergonomic}
   size_t InitialHeapSize                          = 67108864                                  {product} {command line}
   size_t MarkStackSize                            = 4194304                                   {product} {ergonomic}
   size_t MaxHeapSize                              = 67108864                                  {product} {command line}
   size_t MinHeapDeltaBytes                        = 1048576                                   {product} {ergonomic}
   size_t MinHeapSize                              = 67108864                                  {product} {command line}
    uintx NonNMethodCodeHeapSize                   = 5839372                                {pd product} {ergonomic}
    uintx NonProfiledCodeHeapSize                  = 122909434                              {pd product} {ergonomic}
    uintx ProfiledCodeHeapSize                     = 122909434                              {pd product} {ergonomic}
    uintx ReservedCodeCacheSize                    = 251658240                              {pd product} {ergonomic}
     bool SegmentedCodeCache                       = true                                      {product} {ergonomic}
   size_t SoftMaxHeapSize                          = 67108864                               {manageable} {ergonomic}
     bool UseCompressedClassPointers               = true                           {product lp64_product} {ergonomic}
     bool UseCompressedOops                        = true                           {product lp64_product} {ergonomic}
     bool UseG1GC                                  = true                                      {product} {ergonomic}
     bool UseLargePagesIndividualAllocation        = false                                  {pd product} {ergonomic}

Logging:
Log output configuration:
 #0: stdout all=warning uptime,level,tags
 #1: stderr all=off uptime,level,tags

Environment Variables:
JAVA_HOME=C:\Program Files\java\jdk-17.0.5
CLASSPATH=C:\Users\Mahesh patra\Desktop\CalculatorApp\android\\gradle\wrapper\gradle-wrapper.jar
PATH=C:\Users\Mahesh patra\Desktop\CalculatorApp\node_modules\.bin;C:\Users\Mahesh patra\Desktop\CalculatorApp\node_modules\.bin;C:\Users\Mahesh patra\Desktop\node_modules\.bin;C:\Users\Mahesh patra\node_modules\.bin;C:\Users\node_modules\.bin;C:\node_modules\.bin;C:\Program Files\nodejs\node_modules\npm\node_modules\@npmcli\run-script\lib\node-gyp-bin;C:\Users\MAHESH~1\AppData\Local\Temp\yarn--1718800237929-0.47468612436404456;C:\Users\Mahesh patra\Desktop\CalculatorApp\node_modules\.bin;C:\Users\Mahesh patra\AppData\Local\Yarn\Data\link\node_modules\.bin;C:\Users\Mahesh patra\AppData\Local\Yarn\bin;C:\Program Files\libexec\lib\node_modules\npm\bin\node-gyp-bin;C:\Program Files\lib\node_modules\npm\bin\node-gyp-bin;C:\Program Files\nodejs\node_modules\npm\bin\node-gyp-bin;C:\Program Files\Common Files\Oracle\Java\javapath;C:\Windows\system32;C:\Windows;C:\Windows\System32\Wbem;C:\Windows\System32\WindowsPowerShell\v1.0\;C:\Windows\System32\OpenSSH\;C:\Program Files (x86)\NVIDIA Corporation\PhysX\Common;C:\Program Files\NVIDIA Corporation\NVIDIA NvDLISR;C:\Users\Mahesh patra\AppData\Local\Android\Sdk\platform-tools;C:\Users\Mahesh patra\AppData\Local\Android\Sdk;C:\Users\Mahesh patra\AppData\Local\Android\Sdk\platforms\android-33;C:\Users\Mahesh patra\AppData\Local\Android\Sdk\tools;C:\Program Files\nodejs\;C:\Users\Mahesh patra\AppData\Local\Programs\Python\Python312\Scripts\;C:\Users\Mahesh patra\AppData\Local\Programs\Python\Python312\;C:\Users\Mahesh patra\AppData\Local\Programs\Python\Launcher\;C:\Users\Mahesh patra\AppData\Local\Microsoft\WindowsApps;C:\Users\Mahesh patra\AppData\Local\Programs\Microsoft VS Code\bin;C:\Users\Mahesh patra\AppData\Local\Android\Sdk\platform-tools;C:\Users\Mahesh patra\AppData\Local\Android\Sdk;C:\Users\Mahesh patra\AppData\Local\GitHubDesktop\bin;C:\Users\Mahesh patra\AppData\Roaming\npm
USERNAME=Mahesh patra
LANG=en_US.UTF-8
OS=Windows_NT
PROCESSOR_IDENTIFIER=AMD64 Family 25 Model 80 Stepping 0, AuthenticAMD



---------------  S Y S T E M  ---------------

OS:
 Windows 11 , 64 bit Build 22621 (10.0.22621.3527)
OS uptime: 0 days 10:17 hours

CPU: total 12 (initial active 12) (12 cores per cpu, 2 threads per core) family 25 model 80 stepping 0 microcode 0x0, cx8, cmov, fxsr, ht, mmx, 3dnowpref, sse, sse2, sse3, ssse3, sse4a, sse4.1, sse4.2, popcnt, lzcnt, tsc, tscinvbit, avx, avx2, aes, erms, clmul, bmi1, bmi2, adx, sha, fma, vzeroupper, clflush, clflushopt

Memory: 4k page, system-wide physical 7548M (86M free)
TotalPageFile size 31100M (AvailPageFile size 5M)
current process WorkingSet (physical memory assigned to process): 10M, peak: 10M
current process commit charge ("private bytes"): 61M, peak: 62M

vm_info: Java HotSpot(TM) 64-Bit Server VM (17.0.5+9-LTS-191) for windows-amd64 JRE (17.0.5+9-LTS-191), built on Sep 13 2022 17:31:43 by "mach5one" with MS VC++ 16.8 / 16.9 (VS2019)

END.
